Build started 2016/1/1 12:59:06.
     1>Project "D:\Garrett\CS\ACM\purple_book\Chapter5\Example\UVa540\UVa540\UVa540.vcxproj" on node 2 (Build target(s)).
     1>ClCompile:
         C:\Program Files (x86)\Microsoft Visual Studio 12.0\VC\bin\CL.exe /c /ZI /nologo /W3 /WX- /sdl /Od /Oy- /D WIN32 /D _DEBUG /D _CONSOLE /D _LIB /D _UNICODE /D UNICODE /Gm /EHsc /RTC1 /MDd /GS /fp:precise /Zc:wchar_t /Zc:forScope /Fo"Debug\\" /Fd"Debug\vc120.pdb" /Gd /TP /analyze- /errorReport:prompt UVa540.cpp
         UVa540.cpp
     1>d:\garrett\cs\acm\purple_book\chapter5\example\uva540\uva540\uva540.cpp(10): warning C4554: '&' : check operator precedence for possible error; use parentheses to clarify precedence
     1>d:\garrett\cs\acm\purple_book\chapter5\example\uva540\uva540\uva540.cpp(10): error C4996: 'scanf': This function or variable may be unsafe. Consider using scanf_s instead. To disable deprecation, use _CRT_SECURE_NO_WARNINGS. See online help for details.
                 c:\program files (x86)\microsoft visual studio 12.0\vc\include\stdio.h(283) : see declaration of 'scanf'
     1>Done Building Project "D:\Garrett\CS\ACM\purple_book\Chapter5\Example\UVa540\UVa540\UVa540.vcxproj" (Build target(s)) -- FAILED.

Build FAILED.

Time Elapsed 00:00:00.76
